<?xml version="1.0" encoding="UTF-8"?>
<!-- Generated by org.testng.reporters.JUnitXMLReporter -->
<testsuite ignored="0" hostname="DESKTOP-72HVRCC" failures="0" tests="8" name="Default test" time="11.875" errors="0" timestamp="2025-09-08T01:43:01 IST">
  <testcase classname="testcases.ProductTests" name="testCreateProduct" time="4.352"/>
  <testcase classname="testcases.ProductTests" name="testGetAllProductCategory" time="1.206"/>
  <testcase classname="testcases.ProductTests" name="testGetAllProducts" time="0.874"/>
  <testcase classname="testcases.ProductTests" name="testGetLimitedProducts" time="0.914"/>
  <testcase classname="testcases.ProductTests" name="testGetProductByCategory" time="1.062"/>
  <testcase classname="testcases.ProductTests" name="testGetSingleProductId" time="0.885"/>
  <testcase classname="testcases.ProductTests" name="testGetSortedProductAscending" time="0.538"/>
  <testcase classname="testcases.ProductTests" name="testGetSortedProductDescending" time="1.07"/>
</testsuite> <!-- Default test -->
