<?xml version="1.0" encoding="UTF-8"?>
<!-- Generated by org.testng.reporters.JUnitXMLReporter -->
<testsuite ignored="0" hostname="DESKTOP-72HVRCC" failures="0" tests="9" name="Default test" time="10.33" errors="0" timestamp="2025-09-09T18:32:47 IST">
  <testcase classname="testcases.ProductTests" name="testCreateProduct" time="3.008"/>
  <testcase classname="testcases.ProductTests" name="testDeleteRecord" time="0.599"/>
  <testcase classname="testcases.ProductTests" name="testGetAllProductCategory" time="0.646"/>
  <testcase classname="testcases.ProductTests" name="testGetAllProducts" time="1.111"/>
  <testcase classname="testcases.ProductTests" name="testGetLimitedProducts" time="2.077"/>
  <testcase classname="testcases.ProductTests" name="testGetProductByCategory" time="0.542"/>
  <testcase classname="testcases.ProductTests" name="testGetSingleProductId" time="0.565"/>
  <testcase classname="testcases.ProductTests" name="testGetSortedProductAscending" time="0.56"/>
  <testcase classname="testcases.ProductTests" name="testGetSortedProductDescending" time="0.623"/>
</testsuite> <!-- Default test -->
