<?xml version="1.0" encoding="UTF-8"?>
<testng-results ignored="0" total="4" passed="4" failed="0" skipped="0">
  <reporter-output>
  </reporter-output>
  <suite started-at="2025-09-05T13:36:48 IST" name="Default suite" finished-at="2025-09-05T13:36:57 IST" duration-ms="8374">
    <groups>
    </groups>
    <test started-at="2025-09-05T13:36:48 IST" name="Default test" finished-at="2025-09-05T13:36:57 IST" duration-ms="8374">
      <class name="testcases.ProductTests">
        <test-method is-config="true" signature="setup()[pri:0, instance:testcases.ProductTests@383dc82c]" started-at="2025-09-05T13:36:48 IST" name="setup" finished-at="2025-09-05T13:36:49 IST" duration-ms="426" status="PASS">
          <reporter-output>
          </reporter-output>
        </test-method> <!-- setup -->
        <test-method signature="testGetAllProducts()[pri:0, instance:testcases.ProductTests@383dc82c]" started-at="2025-09-05T13:36:49 IST" name="testGetAllProducts" finished-at="2025-09-05T13:36:52 IST" duration-ms="2976" status="PASS">
          <reporter-output>
          </reporter-output>
        </test-method> <!-- testGetAllProducts -->
        <test-method signature="testGetLimitedProducts()[pri:0, instance:testcases.ProductTests@383dc82c]" started-at="2025-09-05T13:36:52 IST" name="testGetLimitedProducts" finished-at="2025-09-05T13:36:52 IST" duration-ms="607" status="PASS">
          <reporter-output>
          </reporter-output>
        </test-method> <!-- testGetLimitedProducts -->
        <test-method signature="testGetSingleProductId()[pri:0, instance:testcases.ProductTests@383dc82c]" started-at="2025-09-05T13:36:52 IST" name="testGetSingleProductId" finished-at="2025-09-05T13:36:54 IST" duration-ms="1551" status="PASS">
          <reporter-output>
          </reporter-output>
        </test-method> <!-- testGetSingleProductId -->
        <test-method signature="testGetSortedProduct()[pri:0, instance:testcases.ProductTests@383dc82c]" started-at="2025-09-05T13:36:54 IST" name="testGetSortedProduct" finished-at="2025-09-05T13:36:57 IST" duration-ms="2690" status="PASS">
          <reporter-output>
          </reporter-output>
        </test-method> <!-- testGetSortedProduct -->
      </class> <!-- testcases.ProductTests -->
    </test> <!-- Default test -->
  </suite> <!-- Default suite -->
</testng-results>
