<?xml version="1.0" encoding="UTF-8"?>
<testng-results ignored="0" total="9" passed="9" failed="0" skipped="0">
  <reporter-output>
  </reporter-output>
  <suite started-at="2025-09-09T18:32:36 IST" name="Default suite" finished-at="2025-09-09T18:32:47 IST" duration-ms="10330">
    <groups>
    </groups>
    <test started-at="2025-09-09T18:32:36 IST" name="Default test" finished-at="2025-09-09T18:32:47 IST" duration-ms="10330">
      <class name="testcases.ProductTests">
        <test-method is-config="true" signature="setup()[pri:0, instance:testcases.ProductTests@7fd7a283]" started-at="2025-09-09T18:32:36 IST" name="setup" finished-at="2025-09-09T18:32:37 IST" duration-ms="445" status="PASS">
          <reporter-output>
          </reporter-output>
        </test-method> <!-- setup -->
        <test-method signature="testCreateProduct()[pri:0, instance:testcases.ProductTests@7fd7a283]" started-at="2025-09-09T18:32:37 IST" name="testCreateProduct" finished-at="2025-09-09T18:32:40 IST" duration-ms="3008" status="PASS">
          <reporter-output>
          </reporter-output>
        </test-method> <!-- testCreateProduct -->
        <test-method signature="testDeleteRecord()[pri:0, instance:testcases.ProductTests@7fd7a283]" started-at="2025-09-09T18:32:40 IST" name="testDeleteRecord" finished-at="2025-09-09T18:32:40 IST" duration-ms="599" status="PASS">
          <reporter-output>
          </reporter-output>
        </test-method> <!-- testDeleteRecord -->
        <test-method signature="testGetAllProductCategory()[pri:0, instance:testcases.ProductTests@7fd7a283]" started-at="2025-09-09T18:32:40 IST" name="testGetAllProductCategory" finished-at="2025-09-09T18:32:41 IST" duration-ms="646" status="PASS">
          <reporter-output>
          </reporter-output>
        </test-method> <!-- testGetAllProductCategory -->
        <test-method signature="testGetAllProducts()[pri:0, instance:testcases.ProductTests@7fd7a283]" started-at="2025-09-09T18:32:41 IST" name="testGetAllProducts" finished-at="2025-09-09T18:32:42 IST" duration-ms="1111" status="PASS">
          <reporter-output>
          </reporter-output>
        </test-method> <!-- testGetAllProducts -->
        <test-method signature="testGetLimitedProducts()[pri:0, instance:testcases.ProductTests@7fd7a283]" started-at="2025-09-09T18:32:42 IST" name="testGetLimitedProducts" finished-at="2025-09-09T18:32:44 IST" duration-ms="2077" status="PASS">
          <reporter-output>
          </reporter-output>
        </test-method> <!-- testGetLimitedProducts -->
        <test-method signature="testGetProductByCategory()[pri:0, instance:testcases.ProductTests@7fd7a283]" started-at="2025-09-09T18:32:44 IST" name="testGetProductByCategory" finished-at="2025-09-09T18:32:45 IST" duration-ms="542" status="PASS">
          <reporter-output>
          </reporter-output>
        </test-method> <!-- testGetProductByCategory -->
        <test-method signature="testGetSingleProductId()[pri:0, instance:testcases.ProductTests@7fd7a283]" started-at="2025-09-09T18:32:45 IST" name="testGetSingleProductId" finished-at="2025-09-09T18:32:45 IST" duration-ms="565" status="PASS">
          <reporter-output>
          </reporter-output>
        </test-method> <!-- testGetSingleProductId -->
        <test-method signature="testGetSortedProductAscending()[pri:0, instance:testcases.ProductTests@7fd7a283]" started-at="2025-09-09T18:32:45 IST" name="testGetSortedProductAscending" finished-at="2025-09-09T18:32:46 IST" duration-ms="560" status="PASS">
          <reporter-output>
          </reporter-output>
        </test-method> <!-- testGetSortedProductAscending -->
        <test-method signature="testGetSortedProductDescending()[pri:0, instance:testcases.ProductTests@7fd7a283]" started-at="2025-09-09T18:32:46 IST" name="testGetSortedProductDescending" finished-at="2025-09-09T18:32:47 IST" duration-ms="623" status="PASS">
          <reporter-output>
          </reporter-output>
        </test-method> <!-- testGetSortedProductDescending -->
      </class> <!-- testcases.ProductTests -->
    </test> <!-- Default test -->
  </suite> <!-- Default suite -->
</testng-results>
